This is pdfTeX, Version 3.14159265-2.6-1.40.20 (TeX Live 2019/W32TeX) (preloaded format=pdflatex 2019.11.23)  14 JAN 2020 01:39
entering extended mode
 restricted \write18 enabled.
 %&-line parsing enabled.
**report.tex
(./report.tex
LaTeX2e <2018-12-01>
(d:/texlive/2019/texmf-dist/tex/latex/base/article.cls
Document Class: article 2018/09/03 v1.4i Standard LaTeX document class
(d:/texlive/2019/texmf-dist/tex/latex/base/size10.clo
File: size10.clo 2018/09/03 v1.4i Standard LaTeX file (size option)
)
\c@part=\count80
\c@section=\count81
\c@subsection=\count82
\c@subsubsection=\count83
\c@paragraph=\count84
\c@subparagraph=\count85
\c@figure=\count86
\c@table=\count87
\abovecaptionskip=\skip41
\belowcaptionskip=\skip42
\bibindent=\dimen102
)
(d:/texlive/2019/texmf-dist/tex/latex/ctex/ctex.sty
(d:/texlive/2019/texmf-dist/tex/latex/l3kernel/expl3.sty
Package: expl3 2019-04-06 L3 programming layer (loader) 

(d:/texlive/2019/texmf-dist/tex/latex/l3kernel/expl3-code.tex
Package: expl3 2019-04-06 L3 programming layer (code)
\c_max_int=\count88
\l_tmpa_int=\count89
\l_tmpb_int=\count90
\g_tmpa_int=\count91
\g_tmpb_int=\count92
\g__kernel_prg_map_int=\count93
\c__ior_term_ior=\count94
\c_log_iow=\count95
\l_iow_line_count_int=\count96
\l__iow_line_target_int=\count97
\l__iow_one_indent_int=\count98
\l__iow_indent_int=\count99
\c_zero_dim=\dimen103
\c_max_dim=\dimen104
\l_tmpa_dim=\dimen105
\l_tmpb_dim=\dimen106
\g_tmpa_dim=\dimen107
\g_tmpb_dim=\dimen108
\c_zero_skip=\skip43
\c_max_skip=\skip44
\l_tmpa_skip=\skip45
\l_tmpb_skip=\skip46
\g_tmpa_skip=\skip47
\g_tmpb_skip=\skip48
\c_zero_muskip=\muskip10
\c_max_muskip=\muskip11
\l_tmpa_muskip=\muskip12
\l_tmpb_muskip=\muskip13
\g_tmpa_muskip=\muskip14
\g_tmpb_muskip=\muskip15
\l_keys_choice_int=\count100
\l__intarray_loop_int=\count101
\c__intarray_sp_dim=\dimen109
\g__intarray_font_int=\count102
\c__fp_leading_shift_int=\count103
\c__fp_middle_shift_int=\count104
\c__fp_trailing_shift_int=\count105
\c__fp_big_leading_shift_int=\count106
\c__fp_big_middle_shift_int=\count107
\c__fp_big_trailing_shift_int=\count108
\c__fp_Bigg_leading_shift_int=\count109
\c__fp_Bigg_middle_shift_int=\count110
\c__fp_Bigg_trailing_shift_int=\count111
\c__kernel_randint_max_int=\count112
\g__fp_array_int=\count113
\l__fp_array_loop_int=\count114
\l__sort_length_int=\count115
\l__sort_min_int=\count116
\l__sort_top_int=\count117
\l__sort_max_int=\count118
\l__sort_true_max_int=\count119
\l__sort_block_int=\count120
\l__sort_begin_int=\count121
\l__sort_end_int=\count122
\l__sort_A_int=\count123
\l__sort_B_int=\count124
\l__sort_C_int=\count125
\l__tl_analysis_normal_int=\count126
\l__tl_analysis_index_int=\count127
\l__tl_analysis_nesting_int=\count128
\l__tl_analysis_type_int=\count129
\l__regex_internal_a_int=\count130
\l__regex_internal_b_int=\count131
\l__regex_internal_c_int=\count132
\l__regex_balance_int=\count133
\l__regex_group_level_int=\count134
\l__regex_mode_int=\count135
\c__regex_cs_in_class_mode_int=\count136
\c__regex_cs_mode_int=\count137
\l__regex_catcodes_int=\count138
\l__regex_default_catcodes_int=\count139
\c__regex_catcode_D_int=\count140
\c__regex_catcode_S_int=\count141
\c__regex_catcode_L_int=\count142
\c__regex_catcode_O_int=\count143
\c__regex_catcode_A_int=\count144
\c__regex_all_catcodes_int=\count145
\l__regex_show_lines_int=\count146
\l__regex_min_state_int=\count147
\l__regex_max_state_int=\count148
\l__regex_left_state_int=\count149
\l__regex_right_state_int=\count150
\l__regex_capturing_group_int=\count151
\l__regex_min_pos_int=\count152
\l__regex_max_pos_int=\count153
\l__regex_curr_pos_int=\count154
\l__regex_start_pos_int=\count155
\l__regex_success_pos_int=\count156
\l__regex_curr_char_int=\count157
\l__regex_curr_catcode_int=\count158
\l__regex_last_char_int=\count159
\l__regex_case_changed_char_int=\count160
\l__regex_curr_state_int=\count161
\l__regex_step_int=\count162
\l__regex_min_active_int=\count163
\l__regex_max_active_int=\count164
\l__regex_replacement_csnames_int=\count165
\l__regex_match_count_int=\count166
\l__regex_min_submatch_int=\count167
\l__regex_submatch_int=\count168
\l__regex_zeroth_submatch_int=\count169
\g__regex_trace_regex_int=\count170
\c_empty_box=\box27
\l_tmpa_box=\box28
\l_tmpb_box=\box29
\g_tmpa_box=\box30
\g_tmpb_box=\box31
\l__box_top_dim=\dimen110
\l__box_bottom_dim=\dimen111
\l__box_left_dim=\dimen112
\l__box_right_dim=\dimen113
\l__box_top_new_dim=\dimen114
\l__box_bottom_new_dim=\dimen115
\l__box_left_new_dim=\dimen116
\l__box_right_new_dim=\dimen117
\l__box_internal_box=\box32
\l__coffin_internal_box=\box33
\l__coffin_internal_dim=\dimen118
\l__coffin_offset_x_dim=\dimen119
\l__coffin_offset_y_dim=\dimen120
\l__coffin_x_dim=\dimen121
\l__coffin_y_dim=\dimen122
\l__coffin_x_prime_dim=\dimen123
\l__coffin_y_prime_dim=\dimen124
\c_empty_coffin=\box34
\l__coffin_aligned_coffin=\box35
\l__coffin_aligned_internal_coffin=\box36
\l_tmpa_coffin=\box37
\l_tmpb_coffin=\box38
\g_tmpa_coffin=\box39
\g_tmpb_coffin=\box40
\l__coffin_bounding_shift_dim=\dimen125
\l__coffin_left_corner_dim=\dimen126
\l__coffin_right_corner_dim=\dimen127
\l__coffin_bottom_corner_dim=\dimen128
\l__coffin_top_corner_dim=\dimen129
\l__coffin_scaled_total_height_dim=\dimen130
\l__coffin_scaled_width_dim=\dimen131
\c__coffin_empty_coffin=\box41
\l__coffin_display_coffin=\box42
\l__coffin_display_coord_coffin=\box43
\l__coffin_display_pole_coffin=\box44
\l__coffin_display_offset_dim=\dimen132
\l__coffin_display_x_dim=\dimen133
\l__coffin_display_y_dim=\dimen134
\g__file_internal_ior=\read1
\l__seq_internal_a_int=\count171
\l__seq_internal_b_int=\count172
\c__deprecation_minus_one=\count173
)
(d:/texlive/2019/texmf-dist/tex/latex/l3kernel/l3pdfmode.def
File: l3pdfmode.def 2019-04-06 v L3 Experimental driver: PDF mode
\l__driver_color_stack_int=\count174
))
Package: ctex 2019/04/07 v2.4.15 Chinese adapter in LaTeX (CTEX)

(d:/texlive/2019/texmf-dist/tex/latex/l3packages/xparse/xparse.sty
Package: xparse 2019-03-05 L3 Experimental document command parser
\l__xparse_current_arg_int=\count175
\g__xparse_grabber_int=\count176
\l__xparse_m_args_int=\count177
\l__xparse_v_nesting_int=\count178
)
(d:/texlive/2019/texmf-dist/tex/latex/l3packages/l3keys2e/l3keys2e.sty
Package: l3keys2e 2019-03-05 LaTeX2e option processing using LaTeX3 keys
)
(d:/texlive/2019/texmf-dist/tex/latex/ctex/ctexhook.sty
Package: ctexhook 2019/04/07 v2.4.15 Document and package hooks (CTEX)
)
(d:/texlive/2019/texmf-dist/tex/latex/ctex/ctexpatch.sty
Package: ctexpatch 2019/04/07 v2.4.15 Patching commands (CTEX)
)
(d:/texlive/2019/texmf-dist/tex/latex/base/fix-cm.sty
Package: fix-cm 2015/01/14 v1.1t fixes to LaTeX

(d:/texlive/2019/texmf-dist/tex/latex/base/ts1enc.def
File: ts1enc.def 2001/06/05 v3.0e (jk/car/fm) Standard LaTeX file
Now handling font encoding TS1 ...
... processing UTF-8 mapping file for font encoding TS1

(d:/texlive/2019/texmf-dist/tex/latex/base/ts1enc.dfu
File: ts1enc.dfu 2018/10/05 v1.2f UTF-8 support for inputenc
   defining Unicode char U+00A2 (decimal 162)
   defining Unicode char U+00A3 (decimal 163)
   defining Unicode char U+00A4 (decimal 164)
   defining Unicode char U+00A5 (decimal 165)
   defining Unicode char U+00A6 (decimal 166)
   defining Unicode char U+00A7 (decimal 167)
   defining Unicode char U+00A8 (decimal 168)
   defining Unicode char U+00A9 (decimal 169)
   defining Unicode char U+00AA (decimal 170)
   defining Unicode char U+00AC (decimal 172)
   defining Unicode char U+00AE (decimal 174)
   defining Unicode char U+00AF (decimal 175)
   defining Unicode char U+00B0 (decimal 176)
   defining Unicode char U+00B1 (decimal 177)
   defining Unicode char U+00B2 (decimal 178)
   defining Unicode char U+00B3 (decimal 179)
   defining Unicode char U+00B4 (decimal 180)
   defining Unicode char U+00B5 (decimal 181)
   defining Unicode char U+00B6 (decimal 182)
   defining Unicode char U+00B7 (decimal 183)
   defining Unicode char U+00B9 (decimal 185)
   defining Unicode char U+00BA (decimal 186)
   defining Unicode char U+00BC (decimal 188)
   defining Unicode char U+00BD (decimal 189)
   defining Unicode char U+00BE (decimal 190)
   defining Unicode char U+00D7 (decimal 215)
   defining Unicode char U+00F7 (decimal 247)
   defining Unicode char U+0192 (decimal 402)
   defining Unicode char U+02C7 (decimal 711)
   defining Unicode char U+02D8 (decimal 728)
   defining Unicode char U+02DD (decimal 733)
   defining Unicode char U+0E3F (decimal 3647)
   defining Unicode char U+2016 (decimal 8214)
   defining Unicode char U+2020 (decimal 8224)
   defining Unicode char U+2021 (decimal 8225)
   defining Unicode char U+2022 (decimal 8226)
   defining Unicode char U+2030 (decimal 8240)
   defining Unicode char U+2031 (decimal 8241)
   defining Unicode char U+203B (decimal 8251)
   defining Unicode char U+203D (decimal 8253)
   defining Unicode char U+2044 (decimal 8260)
   defining Unicode char U+204E (decimal 8270)
   defining Unicode char U+2052 (decimal 8274)
   defining Unicode char U+20A1 (decimal 8353)
   defining Unicode char U+20A4 (decimal 8356)
   defining Unicode char U+20A6 (decimal 8358)
   defining Unicode char U+20A9 (decimal 8361)
   defining Unicode char U+20AB (decimal 8363)
   defining Unicode char U+20AC (decimal 8364)
   defining Unicode char U+20B1 (decimal 8369)
   defining Unicode char U+2103 (decimal 8451)
   defining Unicode char U+2116 (decimal 8470)
   defining Unicode char U+2117 (decimal 8471)
   defining Unicode char U+211E (decimal 8478)
   defining Unicode char U+2120 (decimal 8480)
   defining Unicode char U+2122 (decimal 8482)
   defining Unicode char U+2126 (decimal 8486)
   defining Unicode char U+2127 (decimal 8487)
   defining Unicode char U+212E (decimal 8494)
   defining Unicode char U+2190 (decimal 8592)
   defining Unicode char U+2191 (decimal 8593)
   defining Unicode char U+2192 (decimal 8594)
   defining Unicode char U+2193 (decimal 8595)
   defining Unicode char U+2329 (decimal 9001)
   defining Unicode char U+232A (decimal 9002)
   defining Unicode char U+2422 (decimal 9250)
   defining Unicode char U+25E6 (decimal 9702)
   defining Unicode char U+25EF (decimal 9711)
   defining Unicode char U+266A (decimal 9834)
   defining Unicode char U+FEFF (decimal 65279)
)))
(d:/texlive/2019/texmf-dist/tex/latex/ms/everysel.sty
Package: everysel 2011/10/28 v1.2 EverySelectfont Package (MS)
)
\l__ctex_tmp_int=\count179
\l__ctex_tmp_box=\box45
\l__ctex_tmp_dim=\dimen135
\g__ctex_section_depth_int=\count180
\g__ctex_font_size_int=\count181

(d:/texlive/2019/texmf-dist/tex/latex/ctex/config/ctexopts.cfg
File: ctexopts.cfg 2019/04/07 v2.4.15 Option configuration file (CTEX)
)
(d:/texlive/2019/texmf-dist/tex/latex/ctex/engine/ctex-engine-pdftex.def
File: ctex-engine-pdftex.def 2019/04/07 v2.4.15 (pdf)LaTeX adapter (CTEX)

(d:/texlive/2019/texmf-dist/tex/latex/cjk/texinput/CJKutf8.sty
Package: CJKutf8 2015/04/18 4.8.4

(d:/texlive/2019/texmf-dist/tex/generic/oberdiek/ifpdf.sty
Package: ifpdf 2018/09/07 v3.3 Provides the ifpdf switch
)
(d:/texlive/2019/texmf-dist/tex/latex/base/inputenc.sty
Package: inputenc 2018/08/11 v1.3c Input encoding file
\inpenc@prehook=\toks14
\inpenc@posthook=\toks15
)
(d:/texlive/2019/texmf-dist/tex/latex/cjk/texinput/CJK.sty
Package: CJK 2015/04/18 4.8.4

(d:/texlive/2019/texmf-dist/tex/latex/cjk/texinput/mule/MULEenc.sty
Package: MULEenc 2015/04/18 4.8.4
)
(d:/texlive/2019/texmf-dist/tex/latex/cjk/texinput/CJK.enc
File: CJK.enc 2015/04/18 4.8.4
Now handling font encoding C00 ...
... no UTF-8 mapping file for font encoding C00
Now handling font encoding C05 ...
... no UTF-8 mapping file for font encoding C05
Now handling font encoding C09 ...
... no UTF-8 mapping file for font encoding C09
Now handling font encoding C10 ...
... no UTF-8 mapping file for font encoding C10
Now handling font encoding C20 ...
... no UTF-8 mapping file for font encoding C20
Now handling font encoding C19 ...
... no UTF-8 mapping file for font encoding C19
Now handling font encoding C40 ...
... no UTF-8 mapping file for font encoding C40
Now handling font encoding C42 ...
... no UTF-8 mapping file for font encoding C42
Now handling font encoding C43 ...
... no UTF-8 mapping file for font encoding C43
Now handling font encoding C50 ...
... no UTF-8 mapping file for font encoding C50
Now handling font encoding C52 ...
... no UTF-8 mapping file for font encoding C52
Now handling font encoding C49 ...
... no UTF-8 mapping file for font encoding C49
Now handling font encoding C60 ...
... no UTF-8 mapping file for font encoding C60
Now handling font encoding C61 ...
... no UTF-8 mapping file for font encoding C61
Now handling font encoding C63 ...
... no UTF-8 mapping file for font encoding C63
Now handling font encoding C64 ...
... no UTF-8 mapping file for font encoding C64
Now handling font encoding C65 ...
... no UTF-8 mapping file for font encoding C65
Now handling font encoding C70 ...
... no UTF-8 mapping file for font encoding C70
Now handling font encoding C31 ...
... no UTF-8 mapping file for font encoding C31
Now handling font encoding C32 ...
... no UTF-8 mapping file for font encoding C32
Now handling font encoding C33 ...
... no UTF-8 mapping file for font encoding C33
Now handling font encoding C34 ...
... no UTF-8 mapping file for font encoding C34
Now handling font encoding C35 ...
... no UTF-8 mapping file for font encoding C35
Now handling font encoding C36 ...
... no UTF-8 mapping file for font encoding C36
Now handling font encoding C37 ...
... no UTF-8 mapping file for font encoding C37
Now handling font encoding C80 ...
... no UTF-8 mapping file for font encoding C80
Now handling font encoding C81 ...
... no UTF-8 mapping file for font encoding C81
Now handling font encoding C01 ...
... no UTF-8 mapping file for font encoding C01
Now handling font encoding C11 ...
... no UTF-8 mapping file for font encoding C11
Now handling font encoding C21 ...
... no UTF-8 mapping file for font encoding C21
Now handling font encoding C41 ...
... no UTF-8 mapping file for font encoding C41
Now handling font encoding C62 ...
... no UTF-8 mapping file for font encoding C62
)
LaTeX Info: Redefining \selectfont on input line 755.
\CJK@indent=\box46
)
(d:/texlive/2019/texmf-dist/tex/latex/base/fontenc.sty
Package: fontenc 2018/08/11 v2.0j Standard LaTeX package
))
(d:/texlive/2019/texmf-dist/tex/latex/cjkpunct/CJKpunct.sty
Package: CJKpunct 2016/05/14 4.8.4
\CJKpunct@cnta=\count182
\CJKpunct@cntb=\count183
\CJKpunct@cntc=\count184
\CJKpunct@cntd=\count185
\CJKpunct@cnte=\count186
   defining Unicode char U+2018 (decimal 8216)
   defining Unicode char U+2019 (decimal 8217)
   defining Unicode char U+201C (decimal 8220)
   defining Unicode char U+201D (decimal 8221)
   defining Unicode char U+2014 (decimal 8212)
   defining Unicode char U+2026 (decimal 8230)

(d:/texlive/2019/texmf-dist/tex/latex/cjkpunct/CJKpunct.spa))
(d:/texlive/2019/texmf-dist/tex/latex/cjk/texinput/CJKspace.sty
Package: CJKspace 2015/04/18 3.8.0
)
(d:/texlive/2019/texmf-dist/tex/latex/ctex/ctexspa.def
File: ctexspa.def 2019/04/07 v2.4.15 Space info for CJKpunct (CTEX)
)
(d:/texlive/2019/texmf-dist/tex/latex/cjk/texinput/CJKfntef.sty
Package: CJKfntef 2015/04/18 4.8.4

(d:/texlive/2019/texmf-dist/tex/latex/cjk/texinput/CJKulem.sty
Package: CJKulem 2015/04/18 4.8.4

(d:/texlive/2019/texmf-dist/tex/generic/ulem/ulem.sty
\UL@box=\box47
\UL@hyphenbox=\box48
\UL@skip=\skip49
\UL@hook=\toks16
\UL@height=\dimen136
\UL@pe=\count187
\UL@pixel=\dimen137
\ULC@box=\box49
Package: ulem 2012/05/18
\ULdepth=\dimen138
)
\UL@lastkern=\dimen139
\CJK@skip=\skip50
)
\CJK@fntefSkip=\skip51
\CJK@nest=\count188
\CJK@fntefDimen=\dimen140
\CJK@underdotBox=\box50
\CJK@ULbox=\box51
\CJK@underanyskip=\dimen141
)
\ccwd=\dimen142
\l__ctex_ccglue_skip=\skip52
)
\l__ctex_ziju_dim=\dimen143

(d:/texlive/2019/texmf-dist/tex/latex/zhnumber/zhnumber.sty
Package: zhnumber 2019/04/07 v2.7 Typesetting numbers with Chinese glyphs
\l__zhnum_scale_int=\count189
\l__zhnum_byte_min_int=\count190
\l__zhnum_byte_max_int=\count191

(d:/texlive/2019/texmf-dist/tex/latex/zhnumber/zhnumber-utf8.cfg
File: zhnumber-utf8.cfg 2019/04/07 v2.7 Chinese numerals with UTF8 encoding
))
(d:/texlive/2019/texmf-dist/tex/latex/ctex/scheme/ctex-scheme-chinese.def
File: ctex-scheme-chinese.def 2019/04/07 v2.4.15 Chinese scheme for generic (CT
EX)

(d:/texlive/2019/texmf-dist/tex/latex/ctex/config/ctex-name-utf8.cfg
File: ctex-name-utf8.cfg 2019/04/07 v2.4.15 Caption with encoding UTF8 (CTEX)
))
(d:/texlive/2019/texmf-dist/tex/latex/tools/indentfirst.sty
Package: indentfirst 1995/11/23 v1.03 Indent first paragraph (DPC)
)
(d:/texlive/2019/texmf-dist/tex/latex/ctex/ctex-c5size.clo
File: ctex-c5size.clo 2019/04/07 v2.4.15 c5size option (CTEX)
)
(d:/texlive/2019/texmf-dist/tex/latex/ctex/fontset/ctex-fontset-windows.def
File: ctex-fontset-windows.def 2019/04/07 v2.4.15 Windows fonts definition (CTE
X)

(d:/texlive/2019/texmf-dist/tex/latex/ctex/fontset/ctex-fontset-windowsnew.def
File: ctex-fontset-windowsnew.def 2019/04/07 v2.4.15 Windows fonts definition f
or Vista or later version (CTEX)

(d:/texlive/2019/texmf-dist/tex/generic/ctex/zhwindowsfonts.tex
File: zhwindowsfonts.tex 2019/04/07 v2.4.15 Windows font map loader for pdfTeX 
and DVIPDFMx (CTEX)
{d:/texlive/2019/texmf-var/fonts/map/pdftex/updmap/pdftex.map}{UGBK.sfd}{Unicod
e.sfd}))))
(d:/texlive/2019/texmf-dist/tex/latex/ctex/config/ctex.cfg
File: ctex.cfg 2019/04/07 v2.4.15 Configuration file (CTEX)
)
(d:/texlive/2019/texmf-dist/tex/latex/geometry/geometry.sty
Package: geometry 2018/04/16 v5.8 Page Geometry

(d:/texlive/2019/texmf-dist/tex/latex/graphics/keyval.sty
Package: keyval 2014/10/28 v1.15 key=value parser (DPC)
\KV@toks@=\toks17
)
(d:/texlive/2019/texmf-dist/tex/generic/oberdiek/ifvtex.sty
Package: ifvtex 2016/05/16 v1.6 Detect VTeX and its facilities (HO)
Package ifvtex Info: VTeX not detected.
)
(d:/texlive/2019/texmf-dist/tex/generic/ifxetex/ifxetex.sty
Package: ifxetex 2010/09/12 v0.6 Provides ifxetex conditional
)
\Gm@cnth=\count192
\Gm@cntv=\count193
\c@Gm@tempcnt=\count194
\Gm@bindingoffset=\dimen144
\Gm@wd@mp=\dimen145
\Gm@odd@mp=\dimen146
\Gm@even@mp=\dimen147
\Gm@layoutwidth=\dimen148
\Gm@layoutheight=\dimen149
\Gm@layouthoffset=\dimen150
\Gm@layoutvoffset=\dimen151
\Gm@dimlist=\toks18
)
(d:/texlive/2019/texmf-dist/tex/latex/psnfss/times.sty
Package: times 2005/04/12 PSNFSS-v9.2a (SPQR) 
)
(d:/texlive/2019/texmf-dist/tex/latex/soul/soul.sty
Package: soul 2003/11/17 v2.4 letterspacing/underlining (mf)
\SOUL@word=\toks19
\SOUL@lasttoken=\toks20
\SOUL@cmds=\toks21
\SOUL@buffer=\toks22
\SOUL@token=\toks23
\SOUL@spaceskip=\skip53
\SOUL@ttwidth=\dimen152
\SOUL@uldp=\dimen153
\SOUL@ulht=\dimen154
)
(d:/texlive/2019/texmf-dist/tex/latex/url/url.sty
\Urlmuskip=\muskip16
Package: url 2013/09/16  ver 3.4  Verb mode for urls, etc.
)
(d:/texlive/2019/texmf-dist/tex/latex/hyperref/hyperref.sty
Package: hyperref 2018/11/30 v6.88e Hypertext links for LaTeX

(d:/texlive/2019/texmf-dist/tex/generic/oberdiek/hobsub-hyperref.sty
Package: hobsub-hyperref 2016/05/16 v1.14 Bundle oberdiek, subset hyperref (HO)


(d:/texlive/2019/texmf-dist/tex/generic/oberdiek/hobsub-generic.sty
Package: hobsub-generic 2016/05/16 v1.14 Bundle oberdiek, subset generic (HO)
Package: hobsub 2016/05/16 v1.14 Construct package bundles (HO)
Package: infwarerr 2016/05/16 v1.4 Providing info/warning/error messages (HO)
Package: ltxcmds 2016/05/16 v1.23 LaTeX kernel commands for general use (HO)
Package: ifluatex 2016/05/16 v1.4 Provides the ifluatex switch (HO)
Package ifluatex Info: LuaTeX not detected.
Package hobsub Info: Skipping package `ifvtex' (already loaded).
Package: intcalc 2016/05/16 v1.2 Expandable calculations with integers (HO)
Package hobsub Info: Skipping package `ifpdf' (already loaded).
Package: etexcmds 2016/05/16 v1.6 Avoid name clashes with e-TeX commands (HO)
Package: kvsetkeys 2016/05/16 v1.17 Key value parser (HO)
Package: kvdefinekeys 2016/05/16 v1.4 Define keys (HO)
Package: pdftexcmds 2018/09/10 v0.29 Utility functions of pdfTeX for LuaTeX (HO
)
Package pdftexcmds Info: LuaTeX not detected.
Package pdftexcmds Info: \pdf@primitive is available.
Package pdftexcmds Info: \pdf@ifprimitive is available.
Package pdftexcmds Info: \pdfdraftmode found.
Package: pdfescape 2016/05/16 v1.14 Implements pdfTeX's escape features (HO)
Package: bigintcalc 2016/05/16 v1.4 Expandable calculations on big integers (HO
)
Package: bitset 2016/05/16 v1.2 Handle bit-vector datatype (HO)
Package: uniquecounter 2016/05/16 v1.3 Provide unlimited unique counter (HO)
)
Package hobsub Info: Skipping package `hobsub' (already loaded).
Package: letltxmacro 2016/05/16 v1.5 Let assignment for LaTeX macros (HO)
Package: hopatch 2016/05/16 v1.3 Wrapper for package hooks (HO)
Package: xcolor-patch 2016/05/16 xcolor patch
Package: atveryend 2016/05/16 v1.9 Hooks at the very end of document (HO)
Package atveryend Info: \enddocument detected (standard20110627).
Package: atbegshi 2016/06/09 v1.18 At begin shipout hook (HO)
Package: refcount 2016/05/16 v3.5 Data extraction from label references (HO)
Package: hycolor 2016/05/16 v1.8 Color options for hyperref/bookmark (HO)
)
(d:/texlive/2019/texmf-dist/tex/latex/oberdiek/auxhook.sty
Package: auxhook 2016/05/16 v1.4 Hooks for auxiliary files (HO)
)
(d:/texlive/2019/texmf-dist/tex/latex/oberdiek/kvoptions.sty
Package: kvoptions 2016/05/16 v3.12 Key value format for package options (HO)
)
\@linkdim=\dimen155
\Hy@linkcounter=\count195
\Hy@pagecounter=\count196

(d:/texlive/2019/texmf-dist/tex/latex/hyperref/pd1enc.def
File: pd1enc.def 2018/11/30 v6.88e Hyperref: PDFDocEncoding definition (HO)
Now handling font encoding PD1 ...
... no UTF-8 mapping file for font encoding PD1
)
\Hy@SavedSpaceFactor=\count197

(d:/texlive/2019/texmf-dist/tex/latex/latexconfig/hyperref.cfg
File: hyperref.cfg 2002/06/06 v1.2 hyperref configuration of TeXLive
)
Package hyperref Info: Option `unicode' set `true' on input line 4393.

(d:/texlive/2019/texmf-dist/tex/latex/hyperref/puenc.def
File: puenc.def 2018/11/30 v6.88e Hyperref: PDF Unicode definition (HO)
Now handling font encoding PU ...
... no UTF-8 mapping file for font encoding PU
)
Package hyperref Info: Hyper figures OFF on input line 4519.
Package hyperref Info: Link nesting OFF on input line 4524.
Package hyperref Info: Hyper index ON on input line 4527.
Package hyperref Info: Plain pages OFF on input line 4534.
Package hyperref Info: Backreferencing OFF on input line 4539.
Package hyperref Info: Implicit mode ON; LaTeX internals redefined.
Package hyperref Info: Bookmarks ON on input line 4772.
\c@Hy@tempcnt=\count198
LaTeX Info: Redefining \url on input line 5125.
\XeTeXLinkMargin=\dimen156
\Fld@menulength=\count199
\Field@Width=\dimen157
\Fld@charsize=\dimen158
Package hyperref Info: Hyper figures OFF on input line 6380.
Package hyperref Info: Link nesting OFF on input line 6385.
Package hyperref Info: Hyper index ON on input line 6388.
Package hyperref Info: backreferencing OFF on input line 6395.
Package hyperref Info: Link coloring OFF on input line 6400.
Package hyperref Info: Link coloring with OCG OFF on input line 6405.
Package hyperref Info: PDF/A mode OFF on input line 6410.
LaTeX Info: Redefining \ref on input line 6450.
LaTeX Info: Redefining \pageref on input line 6454.
\Hy@abspage=\count266
\c@Item=\count267
\c@Hfootnote=\count268
)
Package hyperref Info: Driver (autodetected): hpdftex.

(d:/texlive/2019/texmf-dist/tex/latex/hyperref/hpdftex.def
File: hpdftex.def 2018/11/30 v6.88e Hyperref driver for pdfTeX
\Fld@listcount=\count269
\c@bookmark@seq@number=\count270

(d:/texlive/2019/texmf-dist/tex/latex/oberdiek/rerunfilecheck.sty
Package: rerunfilecheck 2016/05/16 v1.8 Rerun checks for auxiliary files (HO)
Package uniquecounter Info: New unique counter `rerunfilecheck' on input line 2
82.
)
\Hy@SectionHShift=\skip54
)
(d:/texlive/2019/texmf-dist/tex/latex/algorithms/algorithm.sty
Package: algorithm 2009/08/24 v0.1 Document Style `algorithm' - floating enviro
nment

(d:/texlive/2019/texmf-dist/tex/latex/float/float.sty
Package: float 2001/11/08 v1.3d Float enhancements (AL)
\c@float@type=\count271
\float@exts=\toks24
\float@box=\box52
\@float@everytoks=\toks25
\@floatcapt=\box53
)
(d:/texlive/2019/texmf-dist/tex/latex/base/ifthen.sty
Package: ifthen 2014/09/29 v1.1c Standard LaTeX ifthen package (DPC)
)
\@float@every@algorithm=\toks26
\c@algorithm=\count272
)
(d:/texlive/2019/texmf-dist/tex/latex/algorithmicx/algorithmicx.sty
Package: algorithmicx 2005/04/27 v1.2 Algorithmicx

Document Style algorithmicx 1.2 - a greatly improved `algorithmic' style
\c@ALG@line=\count273
\c@ALG@rem=\count274
\c@ALG@nested=\count275
\ALG@tlm=\skip55
\ALG@thistlm=\skip56
\c@ALG@Lnr=\count276
\c@ALG@blocknr=\count277
\c@ALG@storecount=\count278
\c@ALG@tmpcounter=\count279
\ALG@tmplength=\skip57
) (d:/texlive/2019/texmf-dist/tex/latex/algorithmicx/algpseudocode.sty
Package: algpseudocode 

Document Style - pseudocode environments for use with the `algorithmicx' style
) (d:/texlive/2019/texmf-dist/tex/latex/amsmath/amsmath.sty
Package: amsmath 2018/12/01 v2.17b AMS math features
\@mathmargin=\skip58

For additional information on amsmath, use the `?' option.
(d:/texlive/2019/texmf-dist/tex/latex/amsmath/amstext.sty
Package: amstext 2000/06/29 v2.01 AMS text

(d:/texlive/2019/texmf-dist/tex/latex/amsmath/amsgen.sty
File: amsgen.sty 1999/11/30 v2.0 generic functions
\@emptytoks=\toks27
\ex@=\dimen159
))
(d:/texlive/2019/texmf-dist/tex/latex/amsmath/amsbsy.sty
Package: amsbsy 1999/11/29 v1.2d Bold Symbols
\pmbraise@=\dimen160
)
(d:/texlive/2019/texmf-dist/tex/latex/amsmath/amsopn.sty
Package: amsopn 2016/03/08 v2.02 operator names
)
\inf@bad=\count280
LaTeX Info: Redefining \frac on input line 223.
\uproot@=\count281
\leftroot@=\count282
LaTeX Info: Redefining \overline on input line 385.
\classnum@=\count283
\DOTSCASE@=\count284
LaTeX Info: Redefining \ldots on input line 482.
LaTeX Info: Redefining \dots on input line 485.
LaTeX Info: Redefining \cdots on input line 606.
\Mathstrutbox@=\box54
\strutbox@=\box55
\big@size=\dimen161
LaTeX Font Info:    Redeclaring font encoding OML on input line 729.
LaTeX Font Info:    Redeclaring font encoding OMS on input line 730.
\macc@depth=\count285
\c@MaxMatrixCols=\count286
\dotsspace@=\muskip17
\c@parentequation=\count287
\dspbrk@lvl=\count288
\tag@help=\toks28
\row@=\count289
\column@=\count290
\maxfields@=\count291
\andhelp@=\toks29
\eqnshift@=\dimen162
\alignsep@=\dimen163
\tagshift@=\dimen164
\tagwidth@=\dimen165
\totwidth@=\dimen166
\lineht@=\dimen167
\@envbody=\toks30
\multlinegap=\skip59
\multlinetaggap=\skip60
\mathdisplay@stack=\toks31
LaTeX Info: Redefining \[ on input line 2844.
LaTeX Info: Redefining \] on input line 2845.
)
(d:/texlive/2019/texmf-dist/tex/latex/caption/caption.sty
Package: caption 2018/10/06 v3.3-154 Customizing captions (AR)

(d:/texlive/2019/texmf-dist/tex/latex/caption/caption3.sty
Package: caption3 2018/09/12 v1.8c caption3 kernel (AR)
Package caption3 Info: TeX engine: e-TeX on input line 64.
\captionmargin=\dimen168
\captionmargin@=\dimen169
\captionwidth=\dimen170
\caption@tempdima=\dimen171
\caption@indent=\dimen172
\caption@parindent=\dimen173
\caption@hangindent=\dimen174
)
\c@caption@flags=\count292
\c@ContinuedFloat=\count293
Package caption Info: float package is loaded.
Package caption Info: hyperref package is loaded.
)
(d:/texlive/2019/texmf-dist/tex/latex/graphics/graphicx.sty
Package: graphicx 2017/06/01 v1.1a Enhanced LaTeX Graphics (DPC,SPQR)

(d:/texlive/2019/texmf-dist/tex/latex/graphics/graphics.sty
Package: graphics 2017/06/25 v1.2c Standard LaTeX Graphics (DPC,SPQR)

(d:/texlive/2019/texmf-dist/tex/latex/graphics/trig.sty
Package: trig 2016/01/03 v1.10 sin cos tan (DPC)
)
(d:/texlive/2019/texmf-dist/tex/latex/graphics-cfg/graphics.cfg
File: graphics.cfg 2016/06/04 v1.11 sample graphics configuration
)
Package graphics Info: Driver file: pdftex.def on input line 99.

(d:/texlive/2019/texmf-dist/tex/latex/graphics-def/pdftex.def
File: pdftex.def 2018/01/08 v1.0l Graphics/color driver for pdftex
))
\Gin@req@height=\dimen175
\Gin@req@width=\dimen176
)
(d:/texlive/2019/texmf-dist/tex/latex/wrapfig/wrapfig.sty
\wrapoverhang=\dimen177
\WF@size=\dimen178
\c@WF@wrappedlines=\count294
\WF@box=\box56
\WF@everypar=\toks32
Package: wrapfig 2003/01/31  v 3.6
)
(d:/texlive/2019/texmf-dist/tex/latex/subfigure/subfigure.sty
Package: subfigure 2002/03/15 v2.1.5 subfigure package
\subfigtopskip=\skip61
\subfigcapskip=\skip62
\subfigcaptopadj=\dimen179
\subfigbottomskip=\skip63
\subfigcapmargin=\dimen180
\subfiglabelskip=\skip64
\c@subfigure=\count295
\c@lofdepth=\count296
\c@subtable=\count297
\c@lotdepth=\count298

****************************************
* Local config file subfigure.cfg used *
****************************************
(d:/texlive/2019/texmf-dist/tex/latex/subfigure/subfigure.cfg)
\subfig@top=\skip65
\subfig@bottom=\skip66
)
(d:/texlive/2019/texmf-dist/tex/latex/booktabs/booktabs.sty
Package: booktabs 2016/04/27 v1.618033 publication quality tables
\heavyrulewidth=\dimen181
\lightrulewidth=\dimen182
\cmidrulewidth=\dimen183
\belowrulesep=\dimen184
\belowbottomsep=\dimen185
\aboverulesep=\dimen186
\abovetopsep=\dimen187
\cmidrulesep=\dimen188
\cmidrulekern=\dimen189
\defaultaddspace=\dimen190
\@cmidla=\count299
\@cmidlb=\count300
\@aboverulesep=\dimen191
\@belowrulesep=\dimen192
\@thisruleclass=\count301
\@lastruleclass=\count302
\@thisrulewidth=\dimen193
)
(d:/texlive/2019/texmf-dist/tex/latex/amscls/amsthm.sty
Package: amsthm 2017/10/31 v2.20.4
\thm@style=\toks33
\thm@bodyfont=\toks34
\thm@headfont=\toks35
\thm@notefont=\toks36
\thm@headpunct=\toks37
\thm@preskip=\skip67
\thm@postskip=\skip68
\thm@headsep=\skip69
\dth@everypar=\toks38
)
(d:/texlive/2019/texmf-dist/tex/latex/amsfonts/amssymb.sty
Package: amssymb 2013/01/14 v3.01 AMS font symbols

(d:/texlive/2019/texmf-dist/tex/latex/amsfonts/amsfonts.sty
Package: amsfonts 2013/01/14 v3.01 Basic AMSFonts support
\symAMSa=\mathgroup4
\symAMSb=\mathgroup5
LaTeX Font Info:    Overwriting math alphabet `\mathfrak' in version `bold'
(Font)                  U/euf/m/n --> U/euf/b/n on input line 106.
))
(d:/texlive/2019/texmf-dist/tex/latex/jknapltx/mathrsfs.sty
Package: mathrsfs 1996/01/01 Math RSFS package v1.0 (jk)
\symrsfs=\mathgroup6
)
\c@example=\count303
\c@theorem=\count304

(d:/texlive/2019/texmf-dist/tex/latex/cjk/texinput/UTF8/UTF8.bdg
File: UTF8.bdg 2015/04/18 4.8.4
)
(d:/texlive/2019/texmf-dist/tex/latex/cjk/texinput/UTF8/UTF8.enc
File: UTF8.enc 2015/04/18 4.8.4
)
(d:/texlive/2019/texmf-dist/tex/latex/cjk/texinput/UTF8/UTF8.chr
File: UTF8.chr 2015/04/18 4.8.4
) (./report.aux

LaTeX Warning: Label `bike' multiply defined.


LaTeX Warning: Label `sub@bike' multiply defined.


LaTeX Warning: Label `table1' multiply defined.


LaTeX Warning: Label `311' multiply defined.

)
\openout1 = `report.aux'.

LaTeX Font Info:    Checking defaults for OML/cmm/m/it on input line 93.
LaTeX Font Info:    ... okay on input line 93.
LaTeX Font Info:    Checking defaults for T1/cmr/m/n on input line 93.
LaTeX Font Info:    ... okay on input line 93.
LaTeX Font Info:    Checking defaults for OT1/cmr/m/n on input line 93.
LaTeX Font Info:    ... okay on input line 93.
LaTeX Font Info:    Checking defaults for OMS/cmsy/m/n on input line 93.
LaTeX Font Info:    ... okay on input line 93.
LaTeX Font Info:    Checking defaults for OMX/cmex/m/n on input line 93.
LaTeX Font Info:    ... okay on input line 93.
LaTeX Font Info:    Checking defaults for U/cmr/m/n on input line 93.
LaTeX Font Info:    ... okay on input line 93.
LaTeX Font Info:    Checking defaults for TS1/cmr/m/n on input line 93.
LaTeX Font Info:    ... okay on input line 93.
LaTeX Font Info:    Checking defaults for C00/song/m/n on input line 93.
LaTeX Font Info:    ... okay on input line 93.
LaTeX Font Info:    Checking defaults for C05/song/m/n on input line 93.
LaTeX Font Info:    ... okay on input line 93.
LaTeX Font Info:    Checking defaults for C09/song/m/n on input line 93.
LaTeX Font Info:    ... okay on input line 93.
LaTeX Font Info:    Checking defaults for C10/song/m/n on input line 93.
LaTeX Font Info:    ... okay on input line 93.
LaTeX Font Info:    Checking defaults for C20/song/m/n on input line 93.
LaTeX Font Info:    ... okay on input line 93.
LaTeX Font Info:    Checking defaults for C19/song/m/n on input line 93.
LaTeX Font Info:    ... okay on input line 93.
LaTeX Font Info:    Checking defaults for C40/song/m/n on input line 93.
LaTeX Font Info:    ... okay on input line 93.
LaTeX Font Info:    Checking defaults for C42/song/m/n on input line 93.
LaTeX Font Info:    ... okay on input line 93.
LaTeX Font Info:    Checking defaults for C43/song/m/n on input line 93.
LaTeX Font Info:    ... okay on input line 93.
LaTeX Font Info:    Checking defaults for C50/song/m/n on input line 93.
LaTeX Font Info:    ... okay on input line 93.
LaTeX Font Info:    Checking defaults for C52/song/m/n on input line 93.
LaTeX Font Info:    ... okay on input line 93.
LaTeX Font Info:    Checking defaults for C49/song/m/n on input line 93.
LaTeX Font Info:    ... okay on input line 93.
LaTeX Font Info:    Checking defaults for C60/mj/m/n on input line 93.
LaTeX Font Info:    ... okay on input line 93.
LaTeX Font Info:    Checking defaults for C61/mj/m/n on input line 93.
LaTeX Font Info:    ... okay on input line 93.
LaTeX Font Info:    Checking defaults for C63/mj/m/n on input line 93.
LaTeX Font Info:    ... okay on input line 93.
LaTeX Font Info:    Checking defaults for C64/mj/m/n on input line 93.
LaTeX Font Info:    ... okay on input line 93.
LaTeX Font Info:    Checking defaults for C65/mj/m/n on input line 93.
LaTeX Font Info:    ... okay on input line 93.
LaTeX Font Info:    Checking defaults for C70/song/m/n on input line 93.
LaTeX Font Info:    ... okay on input line 93.
LaTeX Font Info:    Checking defaults for C31/song/m/n on input line 93.
LaTeX Font Info:    ... okay on input line 93.
LaTeX Font Info:    Checking defaults for C32/song/m/n on input line 93.
LaTeX Font Info:    ... okay on input line 93.
LaTeX Font Info:    Checking defaults for C33/song/m/n on input line 93.
LaTeX Font Info:    ... okay on input line 93.
LaTeX Font Info:    Checking defaults for C34/song/m/n on input line 93.
LaTeX Font Info:    ... okay on input line 93.
LaTeX Font Info:    Checking defaults for C35/song/m/n on input line 93.
LaTeX Font Info:    ... okay on input line 93.
LaTeX Font Info:    Checking defaults for C36/song/m/n on input line 93.
LaTeX Font Info:    ... okay on input line 93.
LaTeX Font Info:    Checking defaults for C37/song/m/n on input line 93.
LaTeX Font Info:    ... okay on input line 93.
LaTeX Font Info:    Checking defaults for C80/song/m/n on input line 93.
LaTeX Font Info:    ... okay on input line 93.
LaTeX Font Info:    Checking defaults for C81/song/m/n on input line 93.
LaTeX Font Info:    ... okay on input line 93.
LaTeX Font Info:    Checking defaults for C01/song/m/n on input line 93.
LaTeX Font Info:    ... okay on input line 93.
LaTeX Font Info:    Checking defaults for C11/song/m/n on input line 93.
LaTeX Font Info:    ... okay on input line 93.
LaTeX Font Info:    Checking defaults for C21/song/m/n on input line 93.
LaTeX Font Info:    ... okay on input line 93.
LaTeX Font Info:    Checking defaults for C41/song/m/n on input line 93.
LaTeX Font Info:    ... okay on input line 93.
LaTeX Font Info:    Checking defaults for C62/song/m/n on input line 93.
LaTeX Font Info:    ... okay on input line 93.
LaTeX Font Info:    Checking defaults for PD1/pdf/m/n on input line 93.
LaTeX Font Info:    ... okay on input line 93.
LaTeX Font Info:    Checking defaults for PU/pdf/m/n on input line 93.
LaTeX Font Info:    ... okay on input line 93.
LaTeX Font Info:    Try loading font information for OT1+ptm on input line 93.
 (d:/texlive/2019/texmf-dist/tex/latex/psnfss/ot1ptm.fd
File: ot1ptm.fd 2001/06/04 font definitions for OT1/ptm.
)
ABD: EverySelectfont initializing macros
LaTeX Info: Redefining \selectfont on input line 93.

*geometry* driver: auto-detecting
*geometry* detected driver: pdftex
*geometry* verbose mode - [ preamble ] result:
* driver: pdftex
* paper: a4paper
* layout: <same size as paper>
* layoutoffset:(h,v)=(0.0pt,0.0pt)
* modes: 
* h-part:(L,W,R)=(85.35826pt, 426.79135pt, 85.35826pt)
* v-part:(T,H,B)=(56.9055pt, 731.23584pt, 56.9055pt)
* \paperwidth=597.50787pt
* \paperheight=845.04684pt
* \textwidth=426.79135pt
* \textheight=731.23584pt
* \oddsidemargin=13.08827pt
* \evensidemargin=13.08827pt
* \topmargin=-52.36449pt
* \headheight=12.0pt
* \headsep=25.0pt
* \topskip=10.0pt
* \footskip=30.0pt
* \marginparwidth=57.0pt
* \marginparsep=11.0pt
* \columnsep=10.0pt
* \skip\footins=9.0pt plus 4.0pt minus 2.0pt
* \hoffset=0.0pt
* \voffset=0.0pt
* \mag=1000
* \@twocolumnfalse
* \@twosidefalse
* \@mparswitchfalse
* \@reversemarginfalse
* (1in=72.27pt=25.4mm, 1cm=28.453pt)

\AtBeginShipoutBox=\box57
Package hyperref Info: Link coloring OFF on input line 93.
(d:/texlive/2019/texmf-dist/tex/latex/hyperref/nameref.sty
Package: nameref 2016/05/21 v2.44 Cross-referencing by name of section

(d:/texlive/2019/texmf-dist/tex/generic/oberdiek/gettitlestring.sty
Package: gettitlestring 2016/05/16 v1.5 Cleanup title references (HO)
)
\c@section@level=\count305
)
LaTeX Info: Redefining \ref on input line 93.
LaTeX Info: Redefining \pageref on input line 93.
LaTeX Info: Redefining \nameref on input line 93.

(./report.out) (./report.out)
\@outlinefile=\write3
\openout3 = `report.out'.

Package caption Info: Begin \AtBeginDocument code.
Package caption Info: subfigure package is loaded.
Package caption Info: wrapfig package is loaded.
Package caption Info: End \AtBeginDocument code.

(d:/texlive/2019/texmf-dist/tex/context/base/mkii/supp-pdf.mkii
[Loading MPS to PDF converter (version 2006.09.02).]
\scratchcounter=\count306
\scratchdimen=\dimen194
\scratchbox=\box58
\nofMPsegments=\count307
\nofMParguments=\count308
\everyMPshowfont=\toks39
\MPscratchCnt=\count309
\MPscratchDim=\dimen195
\MPnumerator=\count310
\makeMPintoPDFobject=\count311
\everyMPtoPDFconversion=\toks40
) (d:/texlive/2019/texmf-dist/tex/latex/oberdiek/epstopdf-base.sty
Package: epstopdf-base 2016/05/15 v2.6 Base part for package epstopdf

(d:/texlive/2019/texmf-dist/tex/latex/oberdiek/grfext.sty
Package: grfext 2016/05/16 v1.2 Manage graphics extensions (HO)
)
Package epstopdf-base Info: Redefining graphics rule for `.eps' on input line 4
38.
Package grfext Info: Graphics extension search list:
(grfext)             [.pdf,.png,.jpg,.mps,.jpeg,.jbig2,.jb2,.PDF,.PNG,.JPG,.JPE
G,.JBIG2,.JB2,.eps]
(grfext)             \AppendGraphicsExtensions on input line 456.

(d:/texlive/2019/texmf-dist/tex/latex/latexconfig/epstopdf-sys.cfg
File: epstopdf-sys.cfg 2010/07/13 v1.3 Configuration of (r)epstopdf for TeX Liv
e
))
<hit.jpg, id=100, 181.0035pt x 33.507pt>
File: hit.jpg Graphic file (type jpg)
<use hit.jpg>
Package pdftex.def Info: hit.jpg  used on input line 96.
(pdftex.def)             Requested size: 181.00305pt x 33.5069pt.
LaTeX Font Info:    Try loading font information for C70+zhkai on input line 96
.

(d:/texlive/2019/texmf-dist/tex/latex/zhmetrics/c70zhkai.fd
File: c70zhkai.fd 2009/09/23 4.8.2
)
LaTeX Font Info:    Font shape `OT1/ptm/bx/n' in size <18.06749> not available
(Font)              Font shape `OT1/ptm/b/n' tried instead on input line 96.
LaTeX Font Info:    Try loading font information for U+msa on input line 96.

(d:/texlive/2019/texmf-dist/tex/latex/amsfonts/umsa.fd
File: umsa.fd 2013/01/14 v3.01 AMS symbols A
)
LaTeX Font Info:    Try loading font information for U+msb on input line 96.

(d:/texlive/2019/texmf-dist/tex/latex/amsfonts/umsb.fd
File: umsb.fd 2013/01/14 v3.01 AMS symbols B
)
LaTeX Font Info:    Try loading font information for U+rsfs on input line 96.

(d:/texlive/2019/texmf-dist/tex/latex/jknapltx/ursfs.fd
File: ursfs.fd 1998/03/24 rsfs font definition file (jk)
)
LaTeX Font Info:    Font shape `OT1/ptm/bx/n' in size <12.045> not available
(Font)              Font shape `OT1/ptm/b/n' tried instead on input line 96.
LaTeX Font Info:    Try loading font information for C70+gbsn on input line 96.


(d:/texlive/2019/texmf-dist/tex/latex/cjk/texinput/UTF8/c70gbsn.fd
File: c70gbsn.fd 2015/04/18 4.8.4
)
(d:/texlive/2019/texmf-dist/tex/latex/cjk/texinput/UTF8/c70gbsn.fdx
File: c70gbsn.fdx 2015/04/18 4.8.4
)
Package CJKpunct Info: punctuation spaces for family 'gbsn' do not exist. Use f
amily 'def' instead. on input line 96.

(d:/texlive/2019/texmf-dist/tex/generic/ctex/zhwindowsfonts.tex
File: zhwindowsfonts.tex 2019/04/07 v2.4.15 Windows font map loader for pdfTeX 
and DVIPDFMx (CTEX)
) [1

 <./hit.jpg>]
LaTeX Font Info:    Font shape `OT1/ptm/bx/n' in size <9.03374> not available
(Font)              Font shape `OT1/ptm/b/n' tried instead on input line 98.
LaTeX Font Info:    Font shape `OT1/ptm/bx/n' in size <15.05624> not available
(Font)              Font shape `OT1/ptm/b/n' tried instead on input line 102.
LaTeX Font Info:    Try loading font information for C70+rm on input line 102.
 (d:/texlive/2019/texmf-dist/tex/latex/ctex/fd/c70rm.fd
File: c70rm.fd 2019/04/07 v2.4.15 Chinese font definition (CTEX)
) (./report.toc
LaTeX Font Info:    Font shape `OT1/ptm/bx/n' in size <10.53937> not available
(Font)              Font shape `OT1/ptm/b/n' tried instead on input line 1.


LaTeX Font Warning: Font shape `U/rsfs/m/n' in size <10.53937> not available
(Font)              size <10.95> substituted on input line 2.

)
\tf@toc=\write4
\openout4 = `report.toc'.

<m-dataset.png, id=232, 397.98688pt x 155.07938pt>
File: m-dataset.png Graphic file (type png)
<use m-dataset.png>
Package pdftex.def Info: m-dataset.png  used on input line 109.
(pdftex.def)             Requested size: 358.18488pt x 139.57013pt.
 [2]
<flow.png, id=294, 963.6pt x 542.025pt>
File: flow.png Graphic file (type png)
<use flow.png>
Package pdftex.def Info: flow.png  used on input line 120.
(pdftex.def)             Requested size: 289.08223pt x 162.60875pt.
 [3 <./m-dataset.png>] [4 <./flow.png>]
<nyc.jpg, id=373, 501.875pt x 311.1625pt>
File: nyc.jpg Graphic file (type jpg)
<use nyc.jpg>
Package pdftex.def Info: nyc.jpg  used on input line 139.
(pdftex.def)             Requested size: 200.74643pt x 124.46278pt.

Overfull \hbox (2.95926pt too wide) in paragraph at lines 137--144
\OT1/ptm/m/n/10.53937 bike rental data, points of in-ter-est, and road net-work
 data|\C70/gbsn/m/n/10.53937/30 ^^B| \C70/gbsn/m/n/10.53937/57 ( \C70/gbsn/m/n/
10.53937/7c ˚ \C70/gbsn/m/n/10.53937/7e ﬂ \C70/gbsn/bx/n/10.53937/76 Ñ \C70/gbs
n/m/n/10.53937/8b ≠ \C70/gbsn/m/n/10.53937/7e √ \C70/gbsn/m/n/10.53937/4e - ; \
C70/gbsn/m/n/10.53937/89 Å \C70/gbsn/bx/n/10.53937/4f ^^? \C70/gbsn/m/n/10.5393
7/75 ( \C70/gbsn/bx/n/10.53937/76 Ñ \C70/gbsn/m/n/10.53937/66 /\OT1/ptm/m/n/10.
53937 311,taxi,bi-
 []

<region.png, id=374, 963.6pt x 542.025pt>
File: region.png Graphic file (type png)
<use region.png>
Package pdftex.def Info: region.png  used on input line 147.
(pdftex.def)             Requested size: 385.43317pt x 216.80615pt.

Overfull \hbox (9.44415pt too wide) in paragraph at lines 153--165
[]\C70/gbsn/m/n/10.53937/7b , \C70/gbsn/m/n/10.53937/4e å * \C70/gbsn/m/n/10.53
937/65 p \C70/gbsn/m/n/10.53937/63 n \C70/gbsn/m/n/10.53937/96 ∆ \C70/gbsn/m/n/
10.53937/66 /$\OML/cmm/m/it/10.53937 POI:txt$|\C70/gbsn/m/n/10.53937/30 ^^B| \C
70/gbsn/m/n/10.53937/65 p \C70/gbsn/m/n/10.53937/63 n \C70/gbsn/m/n/10.53937/96
 ∆ \C70/gbsn/m/n/10.53937/53 ^^E \C70/gbsn/m/n/10.53937/54 + \C70/gbsn/m/n/10.5
3937/4e Ü ^^M \C70/gbsn/m/n/10.53937/54 ^^L \C70/gbsn/m/n/10.53937/57 0 \C70/gb
sn/m/n/10.53937/53 : \C70/gbsn/m/n/10.53937/4e ∫ Ï \C70/gbsn/bx/n/10.53937/76 Ñ
 \C70/gbsn/bx/n/10.53937/51 t \C70/gbsn/m/n/10.53937/8d £ \C70/gbsn/m/n/10.5393
7/70 π \C70/gbsn/bx/n/10.53937/76 Ñ \C70/gbsn/m/n/10.53937/63 œ \C70/gbsn/m/n/1
0.53937/8f |\C70/gbsn/m/n/10.53937/ff ^^L| \C70/gbsn/m/n/10.53937/65 á \C70/gb
sn/m/n/10.53937/4e ˆ \C70/gbsn/m/n/10.53937/60 ; \C70/gbsn/bx/n/10.53937/51 q \
C70/gbsn/bx/n/10.53937/67 	\OT1/ptm/m/n/10.53937 862\C70/gbsn/m/n/10.53937/88 L
|\C70/gbsn/m/n/10.53937/ff ^^L|
 []

[5 <./nyc.jpg> <./region.png>]
<noise.png, id=387, 963.6pt x 542.025pt>
File: noise.png Graphic file (type png)
<use noise.png>
Package pdftex.def Info: noise.png  used on input line 174.
(pdftex.def)             Requested size: 192.71658pt x 108.40308pt.

Overfull \hbox (22.00266pt too wide) in paragraph at lines 174--174
 [][] 
 []

<illegal.png, id=389, 963.6pt x 542.025pt>
File: illegal.png Graphic file (type png)
<use illegal.png>
Package pdftex.def Info: illegal.png  used on input line 180.
(pdftex.def)             Requested size: 192.71658pt x 108.40308pt.

Overfull \hbox (22.00266pt too wide) in paragraph at lines 180--180
 [][] 
 []

<blocked.png, id=390, 963.6pt x 542.025pt>
File: blocked.png Graphic file (type png)
<use blocked.png>
Package pdftex.def Info: blocked.png  used on input line 186.
(pdftex.def)             Requested size: 192.71658pt x 108.40308pt.

Overfull \hbox (22.00266pt too wide) in paragraph at lines 186--186
 [][] 
 []

<others.png, id=391, 963.6pt x 542.025pt>
File: others.png Graphic file (type png)
<use others.png>
Package pdftex.def Info: others.png  used on input line 192.
(pdftex.def)             Requested size: 192.71658pt x 108.40308pt.

Overfull \hbox (22.00266pt too wide) in paragraph at lines 192--192
 [][] 
 []


Overfull \hbox (2.76732pt too wide) in paragraph at lines 166--197
\C70/gbsn/m/n/10.53937/8f }|\C70/gbsn/m/n/10.53937/ff ^^L| \OT1/ptm/m/n/10.5393
7 https://data.cityofnewyork.us/Social-Services/311-Service-Requests-from-2010-
to-Present/erm2-
 []

<bike.png, id=393, 199.24437pt x 218.8175pt>
File: bike.png Graphic file (type png)
<use bike.png>
Package pdftex.def Info: bike.png  used on input line 208.
(pdftex.def)             Requested size: 99.62193pt x 109.40848pt.
<taxi.png, id=394, 194.7275pt x 217.31187pt>
File: taxi.png Graphic file (type png)
<use taxi.png>
Package pdftex.def Info: taxi.png  used on input line 215.
(pdftex.def)             Requested size: 97.3635pt x 108.65565pt.

LaTeX Warning: Reference `taxi' on page 6 undefined on input line 219.

[6 <./noise.png> <./illegal.png> <./blocked.png> <./others.png>]
<system.png, id=425, 514.42188pt x 427.09563pt>
File: system.png Graphic file (type png)
<use system.png>
Package pdftex.def Info: system.png  used on input line 224.
(pdftex.def)             Requested size: 360.09285pt x 298.96489pt.

Overfull \hbox (7.69678pt too wide) in paragraph at lines 232--233
[]\C70/gbsn/m/n/10.53937/65 p \C70/gbsn/m/n/10.53937/63 n \C70/gbsn/m/n/10.5393
7/59 ^^D \C70/gbsn/m/n/10.53937/74 ^^F \C70/gbsn/m/n/10.53937/6a ! \C70/gbsn/m/
n/10.53937/57 W \C70/gbsn/m/n/10.53937/66 / \C70/gbsn/m/n/10.53937/4e ^^@ * \C7
0/gbsn/m/n/10.53937/57 ˙ \C70/gbsn/m/n/10.53937/4e é$\OML/cmm/m/it/10.53937 Map
Reduce$\C70/gbsn/bx/n/10.53937/76 Ñ \C70/gbsn/m/n/10.53937/5e v \C70/gbsn/m/n/1
0.53937/88 L \C70/gbsn/m/n/10.53937/59 ^^D \C70/gbsn/m/n/10.53937/74 ^^F \C70/g
bsn/m/n/10.53937/6a ! \C70/gbsn/m/n/10.53937/57 W|\C70/gbsn/m/n/10.53937/ff ^^L
| \C70/gbsn/bx/n/10.53937/51 v \C70/gbsn/m/n/10.53937/8f ì \C70/gbsn/bx/n/10.53
937/51 e \C70/gbsn/m/n/10.53937/66 / \C70/gbsn/m/n/10.53937/53 ü \C70/gbsn/m/n/
10.53937/59 À \C70/gbsn/m/n/10.53937/65 p \C70/gbsn/m/n/10.53937/63 n$\OML/cmm/
m/it/10.53937 < \OMS/cmsy/m/n/10.53937 D\OML/cmm/m/it/10.53937 ; l[]; l[]; C >$
|\C70/gbsn/m/n/10.53937/ff ^^L|
 []

[7 <./bike.png> <./taxi.png>]
Package hyperref Info: bookmark level for unknown algorithm defaults to 0 on in
put line 245.
 [8 <./system.png>]
Overfull \hbox (14.8684pt too wide) in paragraph at lines 284--285
[]\C70/gbsn/m/n/10.53937/57 ( \C70/gbsn/m/n/10.53937/5b û \C70/gbsn/m/n/10.5393
7/73 ∞ \C70/gbsn/bx/n/10.53937/76 Ñ \C70/gbsn/m/n/10.53937/65 ˆ \C70/gbsn/m/n/1
0.53937/50 ^^Y|\C70/gbsn/m/n/10.53937/ff ^^L| \C70/gbsn/bx/n/10.53937/67 	 \C70
/gbsn/m/n/10.53937/4e $ ˆ ã \C70/gbsn/m/n/10.53937/60 ≈ \C70/gbsn/m/n/10.53937/
97 ^^@ \C70/gbsn/m/n/10.53937/89 Å \C70/gbsn/m/n/10.53937/6c Ë \C70/gbsn/m/n/10
.53937/61 ^^O\OT1/ptm/m/n/10.53937 :$\OT1/cmr/m/n/10.53937 311\OML/cmm/m/it/10.
53937 compliant$\C70/gbsn/m/n/10.53937/65 p \C70/gbsn/m/n/10.53937/63 n \C70/gb
sn/m/n/10.53937/96 ∆ \C70/gbsn/bx/n/10.53937/76 Ñ \C70/gbsn/m/n/10.53937/59 ^^D
 \C70/gbsn/m/n/10.53937/74 ^^F \C70/gbsn/m/n/10.53937/75 e \C70/gbsn/bx/n/10.53
937/67 	 \C70/gbsn/bx/n/10.53937/5d Ó \C70/gbsn/m/n/10.53937/5f ^^B|\C70/gbsn/m
/n/10.53937/ff ^^L| \C70/gbsn/bx/n/10.53937/67 ^^@ \C70/gbsn/m/n/10.53937/7e »$
\OML/cmm/m/it/10.53937 C$\C70/gbsn/m/n/10.53937/4e Â \C70/gbsn/m/n/10.53937/53 
 $\OML/cmm/m/it/10.53937 C[]$\C70/gbsn/bx/n/10.53937/52 ^^F
 []

[9]
<structure.png, id=463, 390.45876pt x 298.61563pt>
File: structure.png Graphic file (type png)
<use structure.png>
Package pdftex.def Info: structure.png  used on input line 290.
(pdftex.def)             Requested size: 195.2289pt x 149.30745pt.
 [10 <./structure.png>]
Overfull \hbox (12.70059pt too wide) in paragraph at lines 342--343
[]\C70/gbsn/m/n/10.53937/57 ( \C70/gbsn/m/n/10.53937/8b ° \C70/gbsn/m/n/10.5393
7/7b ó \C70/gbsn/m/n/10.53937/8d Ë \C70/gbsn/m/n/10.53937/65 p \C70/gbsn/m/n/10
.53937/63 n \C70/gbsn/m/n/10.53937/96 ∆ \C70/gbsn/bx/n/10.53937/76 Ñ \C70/gbsn/
m/n/10.53937/5f ^^B \C70/gbsn/m/n/10.53937/5e 8 ¶ \C70/gbsn/m/n/10.53937/65 ˆ|\
C70/gbsn/m/n/10.53937/ff ^^L| \C70/gbsn/bx/n/10.53937/51 H \C70/gbsn/m/n/10.539
37/4e ^^M \C70/gbsn/m/n/10.53937/80 ^^C \C70/gbsn/m/n/10.53937/86 Q \C70/gbsn/m
/n/10.53937/57 0 \C70/gbsn/m/n/10.53937/53 : \C70/gbsn/bx/n/10.53937/76 Ñ \C70/
gbsn/m/n/10.53937/56 ‡ \C70/gbsn/m/n/10.53937/7d  |\C70/gbsn/m/n/10.53937/ff ^^
L| \C70/gbsn/m/n/10.53937/60 ; \C70/gbsn/bx/n/10.53937/51 q \C70/gbsn/bx/n/10.5
3937/67 	$\OT1/cmr/m/n/10.53937 5$\C70/gbsn/m/n/10.53937/4e * \C70/gbsn/m/n/10.
53937/65 p \C70/gbsn/m/n/10.53937/63 n \C70/gbsn/m/n/10.53937/96 ∆ \C70/gbsn/m/
n/10.53937/97 ^^@ \C70/gbsn/m/n/10.53937/89 Å \C70/gbsn/m/n/10.53937/80 ^^C \C7
0/gbsn/m/n/10.53937/86 Q|\C70/gbsn/m/n/10.53937/ff ^^L| \C70/gbsn/bx/n/10.53937
/51 v \C70/gbsn/m/n/10.53937/4e -\OT1/ptm/m/n/10.53937 311\C70/gbsn/m/n/10.5393
7/65 p
 []


Overfull \hbox (3.21513pt too wide) in paragraph at lines 345--346
[]\C70/gbsn/m/n/10.53937/57 ( \C70/gbsn/m/n/10.53937/4e 
 ^^@ * \C70/gbsn/m/n/10.53937/90 Ë \C70/gbsn/bx/n/10.53937/52 ^^F \C70/gbsn/bx/
n/10.53937/76 Ñ \C70/gbsn/m/n/10.53937/8b ≤ \C70/gbsn/m/n/10.53937/89 „ \C70/gb
sn/m/n/10.53937/4e - \C70/gbsn/bx/n/10.53937/5d Ú \C70/gbsn/m/n/10.53937/7e œ \
C70/gbsn/m/n/10.53937/63 ^^G \C70/gbsn/bx/n/10.53937/51 ˙ \C70/gbsn/m/n/10.5393
7/4e Ü ^^@ \C70/gbsn/m/n/10.53937/90 Ë \C70/gbsn/bx/n/10.53937/52 ^^F \C70/gbsn
/m/n/10.53937/53 ¬ \C70/gbsn/m/n/10.53937/65 p|\C70/gbsn/m/n/10.53937/ff ^^L| \
C70/gbsn/m/n/10.53937/96 d \C70/gbsn/m/n/10.53937/4e Ü$\OT1/cmr/m/n/10.53937 4$
\C70/gbsn/m/n/10.53937/4e * \C70/gbsn/bx/n/10.53937/67 C \C70/gbsn/m/n/10.53937
/91 Õ \C70/gbsn/m/n/10.53937/54 å$\OT1/cmr/m/n/10.53937 311$\C70/gbsn/m/n/10.53
937/5f ^^B \C70/gbsn/m/n/10.53937/5e 8 ¶ \C70/gbsn/m/n/10.53937/4e K \C70/gbsn/
m/n/10.53937/59 ^^V|\C70/gbsn/m/n/10.53937/ff ^^L| \C70/gbsn/m/n/10.53937/8f ÿ 
\C70/gbsn/bx/n/10.53937/67 	$\OT1/cmr/m/n/10.53937 48$\C70/gbsn/m/n/10.53937/4e
 *
 []


Overfull \hbox (4.9884pt too wide) in paragraph at lines 346--347
\C70/gbsn/m/n/10.53937/57 G \C70/gbsn/m/n/10.53937/53 ^^@ \C70/gbsn/bx/n/10.539
37/52 ^^F \C70/gbsn/m/n/10.53937/5e ^^C|\C70/gbsn/m/n/10.53937/30 ^^B| \C70/gbs
n/m/n/10.53937/5b û \C70/gbsn/m/n/10.53937/73 ∞ \C70/gbsn/bx/n/10.53937/4f ^^? 
\C70/gbsn/m/n/10.53937/75 ($\OML/cmm/m/it/10.53937 python$\C70/gbsn/bx/n/10.539
37/76 Ñ \C70/gbsn/m/n/10.53937/5f ^^@ \C70/gbsn/m/n/10.53937/6e ê \C70/gbsn/m/n
/10.53937/5e ì$\OML/cmm/m/it/10.53937 hyperopt$|\C70/gbsn/m/n/10.53937/ff ^^L| 
\C70/gbsn/m/n/10.53937/5b ö \C70/gbsn/m/n/10.53937/4e I \C70/gbsn/bx/n/10.53937
/76 Ó \C70/gbsn/m/n/10.53937/68 ^^G \C70/gbsn/bx/n/10.53937/51 ˝ \C70/gbsn/m/n/
10.53937/65 p \C70/gbsn/m/n/10.53937/4e :$\OML/cmm/m/it/10.53937 fmin\OT1/cmr/m
/n/10.53937 (\OML/cmm/m/it/10.53937 errorrate; space; algo \OT1/cmr/m/n/10.5393
7 =
 []

[11] [12]
<event.png, id=487, 225.84375pt x 335.75438pt>
File: event.png Graphic file (type png)
<use event.png>
Package pdftex.def Info: event.png  used on input line 385.
(pdftex.def)             Requested size: 225.84319pt x 335.75356pt.
<experiment.png, id=489, 367.87437pt x 72.77188pt>
File: experiment.png Graphic file (type png)
<use experiment.png>
Package pdftex.def Info: experiment.png  used on input line 395.
(pdftex.def)             Requested size: 220.72632pt x 43.66345pt.
 [13 <./event.png>] [14 <./experiment.png>] (./report.bbl) [15]
Package CJKpunct Info: use punctuation spaces for family 'rm' with punctstyle (
quanjiao) on input line 443.

Overfull \hbox (6.12946pt too wide) in paragraph at lines 453--454
\C70/gbsn/m/n/10.53937/5e ¶ \C70/gbsn/m/n/10.53937/8b ° \C70/gbsn/m/n/10.53937/
7b ó|\C70/gbsn/m/n/10.53937/ff ^^L| \C70/gbsn/m/n/10.53937/8b æ ° \C70/gbsn/m/n
/10.53937/5f ^^B \C70/gbsn/m/n/10.53937/5e 8 \C70/gbsn/bx/n/10.53937/52 $ \C70/
gbsn/m/n/10.53937/65 ≠ \C70/gbsn/m/n/10.53937/7b ó \C70/gbsn/m/n/10.53937/6c ’|
\C70/gbsn/m/n/10.53937/30 ^^B| \C70/gbsn/m/n/10.53937/7b , \C70/gbsn/m/n/10.539
37/4e 	|\C70/gbsn/m/n/10.53937/ff ^^L| \C70/gbsn/m/n/10.53937/8b æ ° \C70/gbsn/
bx/n/10.53937/52 ^^F \C70/gbsn/m/n/10.53937/7c { \C70/gbsn/m/n/10.53937/7b ó \C
70/gbsn/m/n/10.53937/6c ’|\C70/gbsn/m/n/10.53937/ff ^^L| \C70/gbsn/m/n/10.53937
/5b ˘ \C70/gbsn/m/n/10.53937/5f ^^B \C70/gbsn/m/n/10.53937/5e 8 \C70/gbsn/m/n/1
0.53937/7e ß \C70/gbsn/bx/n/10.53937/52 + ^^F \C70/gbsn/m/n/10.53937/7c {|\C70/
gbsn/m/n/10.53937/30 ^^B| \C70/gbsn/m/n/10.53937/7b , \C70/gbsn/m/n/10.53937/56
 €|\C70/gbsn/m/n/10.53937/ff ^^L| \C70/gbsn/m/n/10.53937/8b æ ° \C70/gbsn/m/n/1
0.53937/5b û \C70/gbsn/m/n/10.53937/73 ∞$\OML/cmm/m/it/10.53937 MapRe$\OT1/ptm/
m/n/10.53937 -
 []

[16]
Overfull \hbox (7.69678pt too wide) in paragraph at lines 459--460
[]\C70/gbsn/m/n/10.53937/65 p \C70/gbsn/m/n/10.53937/63 n \C70/gbsn/m/n/10.5393
7/59 ^^D \C70/gbsn/m/n/10.53937/74 ^^F \C70/gbsn/m/n/10.53937/6a ! \C70/gbsn/m/
n/10.53937/57 W \C70/gbsn/m/n/10.53937/66 / \C70/gbsn/m/n/10.53937/4e ^^@ * \C7
0/gbsn/m/n/10.53937/57 ˙ \C70/gbsn/m/n/10.53937/4e é$\OML/cmm/m/it/10.53937 Map
Reduce$\C70/gbsn/bx/n/10.53937/76 Ñ \C70/gbsn/m/n/10.53937/5e v \C70/gbsn/m/n/1
0.53937/88 L \C70/gbsn/m/n/10.53937/59 ^^D \C70/gbsn/m/n/10.53937/74 ^^F \C70/g
bsn/m/n/10.53937/6a ! \C70/gbsn/m/n/10.53937/57 W|\C70/gbsn/m/n/10.53937/ff ^^L
| \C70/gbsn/bx/n/10.53937/51 v \C70/gbsn/m/n/10.53937/8f ì \C70/gbsn/bx/n/10.53
937/51 e \C70/gbsn/m/n/10.53937/66 / \C70/gbsn/m/n/10.53937/53 ü \C70/gbsn/m/n/
10.53937/59 À \C70/gbsn/m/n/10.53937/65 p \C70/gbsn/m/n/10.53937/63 n$\OML/cmm/
m/it/10.53937 < \OMS/cmsy/m/n/10.53937 D\OML/cmm/m/it/10.53937 ; l[]; l[]; C >$
|\C70/gbsn/m/n/10.53937/ff ^^L|
 []

[17]
File: system.png Graphic file (type png)
<use system.png>
Package pdftex.def Info: system.png  used on input line 482.
(pdftex.def)             Requested size: 360.09285pt x 298.96489pt.
File: noise.png Graphic file (type png)
<use noise.png>
Package pdftex.def Info: noise.png  used on input line 497.
(pdftex.def)             Requested size: 192.71658pt x 108.40308pt.

Overfull \hbox (22.00266pt too wide) in paragraph at lines 497--497
 [][] 
 []

File: illegal.png Graphic file (type png)
<use illegal.png>
Package pdftex.def Info: illegal.png  used on input line 503.
(pdftex.def)             Requested size: 192.71658pt x 108.40308pt.

Overfull \hbox (22.00266pt too wide) in paragraph at lines 503--503
 [][] 
 []

File: blocked.png Graphic file (type png)
<use blocked.png>
Package pdftex.def Info: blocked.png  used on input line 509.
(pdftex.def)             Requested size: 192.71658pt x 108.40308pt.

Overfull \hbox (22.00266pt too wide) in paragraph at lines 509--509
 [][] 
 []

File: others.png Graphic file (type png)
<use others.png>
Package pdftex.def Info: others.png  used on input line 515.
(pdftex.def)             Requested size: 192.71658pt x 108.40308pt.

Overfull \hbox (22.00266pt too wide) in paragraph at lines 515--515
 [][] 
 []

<ds1-1.png, id=555, 1156.32pt x 650.43pt>
File: ds1-1.png Graphic file (type png)
<use ds1-1.png>
Package pdftex.def Info: ds1-1.png  used on input line 529.
(pdftex.def)             Requested size: 231.2599pt x 130.0837pt.

Overfull \hbox (60.54597pt too wide) in paragraph at lines 529--529
 [][] 
 []

<ds1-2.png, id=556, 700.41675pt x 554.67226pt>
File: ds1-2.png Graphic file (type png)
<use ds1-2.png>
Package pdftex.def Info: ds1-2.png  used on input line 535.
(pdftex.def)             Requested size: 140.08086pt x 110.93248pt.
Package atveryend Info: Empty hook `BeforeClearDocument' on input line 540.
[18] [19 <./ds1-1.png> <./ds1-2.png>]
Package atveryend Info: Empty hook `AfterLastShipout' on input line 540.
 (./report.aux)
Package atveryend Info: Executing hook `AtVeryEndDocument' on input line 540.
Package atveryend Info: Executing hook `AtEndAfterFileList' on input line 540.
Package rerunfilecheck Info: File `report.out' has not changed.
(rerunfilecheck)             Checksum: 008B2A87CCFFEB68E79F46522F21270B;2203.


LaTeX Font Warning: Size substitutions with differences
(Font)              up to 0.41063pt have occurred.


LaTeX Warning: There were undefined references.


LaTeX Warning: There were multiply-defined labels.

Package atveryend Info: Empty hook `AtVeryVeryEnd' on input line 540.
 ) 
Here is how much of TeX's memory you used:
 27594 strings out of 492623
 464082 string characters out of 6133289
 477559 words of memory out of 5000000
 30530 multiletter control sequences out of 15000+600000
 650911 words of font info for 416 fonts, out of 8000000 for 9000
 1141 hyphenation exceptions out of 8191
 41i,10n,63p,1669b,1128s stack positions out of 5000i,500n,10000p,200000b,80000s
<c:/Windows/Fonts/simhei.ttf><c:/Windows/Fonts/simhei.ttf><c:/Windows/Fonts/s
imhei.ttf><c:/Windows/Fonts/simhei.ttf><c:/Windows/Fonts/simhei.ttf><c:/Windows
/Fonts/simhei.ttf><c:/Windows/Fonts/simhei.ttf>{d:/texlive/2019/texmf-dist/font
s/enc/dvips/base/8r.enc}<c:/Windows/Fonts/simhei.ttf><c:/Windows/Fonts/simhei.t
tf><c:/Windows/Fonts/simsun.ttc><c:/Windows/Fonts/simsun.ttc><c:/Windows/Fonts/
simsun.ttc><c:/Windows/Fonts/simsun.ttc><c:/Windows/Fonts/simhei.ttf><c:/Window
s/Fonts/simhei.ttf><c:/Windows/Fonts/simhei.ttf><c:/Windows/Fonts/simhei.ttf><c
:/Windows/Fonts/simsun.ttc><c:/Windows/Fonts/simsun.ttc><c:/Windows/Fonts/simhe
i.ttf><c:/Windows/Fonts/simsun.ttc><c:/Windows/Fonts/simhei.ttf><c:/Windows/Fon
ts/simhei.ttf><c:/Windows/Fonts/simhei.ttf><c:/Windows/Fonts/simhei.ttf><c:/Win
dows/Fonts/simsun.ttc><c:/Windows/Fonts/simsun.ttc><c:/Windows/Fonts/simsun.ttc
><c:/Windows/Fonts/simsun.ttc><c:/Windows/Fonts/simsun.ttc><c:/Windows/Fonts/si
msun.ttc><c:/Windows/Fonts/simsun.ttc><c:/Windows/Fonts/simsun.ttc><c:/Windows/
Fonts/simsun.ttc><c:/Windows/Fonts/simsun.ttc><c:/Windows/Fonts/simsun.ttc><c:/
Windows/Fonts/simsun.ttc><c:/Windows/Fonts/simsun.ttc><c:/Windows/Fonts/simsun.
ttc><c:/Windows/Fonts/simsun.ttc><c:/Windows/Fonts/simhei.ttf><c:/Windows/Fonts
/simhei.ttf><c:/Windows/Fonts/simhei.ttf><c:/Windows/Fonts/simhei.ttf><c:/Windo
ws/Fonts/simhei.ttf><c:/Windows/Fonts/simhei.ttf><c:/Windows/Fonts/simhei.ttf><
c:/Windows/Fonts/simhei.ttf><c:/Windows/Fonts/simhei.ttf><c:/Windows/Fonts/sims
un.ttc><c:/Windows/Fonts/simsun.ttc><c:/Windows/Fonts/simsun.ttc><c:/Windows/Fo
nts/simsun.ttc><c:/Windows/Fonts/simsun.ttc><c:/Windows/Fonts/simsun.ttc><c:/Wi
ndows/Fonts/simsun.ttc><c:/Windows/Fonts/simhei.ttf><c:/Windows/Fonts/simhei.tt
f><c:/Windows/Fonts/simhei.ttf><c:/Windows/Fonts/simhei.ttf><c:/Windows/Fonts/s
imhei.ttf><c:/Windows/Fonts/simhei.ttf><c:/Windows/Fonts/simhei.ttf><c:/Windows
/Fonts/simhei.ttf><c:/Windows/Fonts/simsun.ttc><c:/Windows/Fonts/simsun.ttc><c:
/Windows/Fonts/simsun.ttc><c:/Windows/Fonts/simsun.ttc><c:/Windows/Fonts/simsun
.ttc><c:/Windows/Fonts/simsun.ttc><c:/Windows/Fonts/simsun.ttc><c:/Windows/Font
s/simsun.ttc><c:/Windows/Fonts/simsun.ttc><c:/Windows/Fonts/simsun.ttc><c:/Wind
ows/Fonts/simsun.ttc><c:/Windows/Fonts/simhei.ttf><c:/Windows/Fonts/simhei.ttf>
<c:/Windows/Fonts/simhei.ttf><c:/Windows/Fonts/simhei.ttf><c:/Windows/Fonts/sim
hei.ttf><c:/Windows/Fonts/simhei.ttf><c:/Windows/Fonts/simhei.ttf><c:/Windows/F
onts/simhei.ttf><c:/Windows/Fonts/simhei.ttf><c:/Windows/Fonts/simhei.ttf><c:/W
indows/Fonts/simkai.ttf><c:/Windows/Fonts/simkai.ttf><c:/Windows/Fonts/simkai.t
tf><c:/Windows/Fonts/simkai.ttf><c:/Windows/Fonts/simkai.ttf><c:/Windows/Fonts/
simkai.ttf><c:/Windows/Fonts/simkai.ttf><c:/Windows/Fonts/simkai.ttf><c:/Window
s/Fonts/simkai.ttf><c:/Windows/Fonts/simkai.ttf><c:/Windows/Fonts/simkai.ttf><c
:/Windows/Fonts/simkai.ttf><c:/Windows/Fonts/simkai.ttf><c:/Windows/Fonts/simka
i.ttf><c:/Windows/Fonts/simkai.ttf><d:/texlive/2019/texmf-dist/fonts/type1/publ
ic/amsfonts/cm/cmex10.pfb><d:/texlive/2019/texmf-dist/fonts/type1/public/amsfon
ts/cmextra/cmex7.pfb><d:/texlive/2019/texmf-dist/fonts/type1/public/amsfonts/cm
/cmmi10.pfb><d:/texlive/2019/texmf-dist/fonts/type1/public/amsfonts/cm/cmmi5.pf
b><d:/texlive/2019/texmf-dist/fonts/type1/public/amsfonts/cm/cmmi7.pfb><d:/texl
ive/2019/texmf-dist/fonts/type1/public/amsfonts/cm/cmmi9.pfb><d:/texlive/2019/t
exmf-dist/fonts/type1/public/amsfonts/cm/cmr10.pfb><d:/texlive/2019/texmf-dist/
fonts/type1/public/amsfonts/cm/cmr5.pfb><d:/texlive/2019/texmf-dist/fonts/type1
/public/amsfonts/cm/cmr7.pfb><d:/texlive/2019/texmf-dist/fonts/type1/public/ams
fonts/cm/cmsy10.pfb><d:/texlive/2019/texmf-dist/fonts/type1/public/amsfonts/cm/
cmsy5.pfb><d:/texlive/2019/texmf-dist/fonts/type1/public/amsfonts/cm/cmsy7.pfb>
<d:/texlive/2019/texmf-dist/fonts/type1/arphic/gbsnu/gbsnu30.pfb><d:/texlive/20
19/texmf-dist/fonts/type1/arphic/gbsnu/gbsnu4e.pfb><d:/texlive/2019/texmf-dist/
fonts/type1/arphic/gbsnu/gbsnu4f.pfb><d:/texlive/2019/texmf-dist/fonts/type1/ar
phic/gbsnu/gbsnu50.pfb><d:/texlive/2019/texmf-dist/fonts/type1/arphic/gbsnu/gbs
nu51.pfb><d:/texlive/2019/texmf-dist/fonts/type1/arphic/gbsnu/gbsnu52.pfb><d:/t
exlive/2019/texmf-dist/fonts/type1/arphic/gbsnu/gbsnu53.pfb><d:/texlive/2019/te
xmf-dist/fonts/type1/arphic/gbsnu/gbsnu54.pfb><d:/texlive/2019/texmf-dist/fonts
/type1/arphic/gbsnu/gbsnu55.pfb><d:/texlive/2019/texmf-dist/fonts/type1/arphic/
gbsnu/gbsnu56.pfb><d:/texlive/2019/texmf-dist/fonts/type1/arphic/gbsnu/gbsnu57.
pfb><d:/texlive/2019/texmf-dist/fonts/type1/arphic/gbsnu/gbsnu58.pfb><d:/texliv
e/2019/texmf-dist/fonts/type1/arphic/gbsnu/gbsnu59.pfb><d:/texlive/2019/texmf-d
ist/fonts/type1/arphic/gbsnu/gbsnu5a.pfb><d:/texlive/2019/texmf-dist/fonts/type
1/arphic/gbsnu/gbsnu5b.pfb><d:/texlive/2019/texmf-dist/fonts/type1/arphic/gbsnu
/gbsnu5c.pfb><d:/texlive/2019/texmf-dist/fonts/type1/arphic/gbsnu/gbsnu5d.pfb><
d:/texlive/2019/texmf-dist/fonts/type1/arphic/gbsnu/gbsnu5e.pfb><d:/texlive/201
9/texmf-dist/fonts/type1/arphic/gbsnu/gbsnu5f.pfb><d:/texlive/2019/texmf-dist/f
onts/type1/arphic/gbsnu/gbsnu60.pfb><d:/texlive/2019/texmf-dist/fonts/type1/arp
hic/gbsnu/gbsnu61.pfb><d:/texlive/2019/texmf-dist/fonts/type1/arphic/gbsnu/gbsn
u62.pfb><d:/texlive/2019/texmf-dist/fonts/type1/arphic/gbsnu/gbsnu63.pfb><d:/te
xlive/2019/texmf-dist/fonts/type1/arphic/gbsnu/gbsnu64.pfb><d:/texlive/2019/tex
mf-dist/fonts/type1/arphic/gbsnu/gbsnu65.pfb><d:/texlive/2019/texmf-dist/fonts/
type1/arphic/gbsnu/gbsnu66.pfb><d:/texlive/2019/texmf-dist/fonts/type1/arphic/g
bsnu/gbsnu67.pfb><d:/texlive/2019/texmf-dist/fonts/type1/arphic/gbsnu/gbsnu68.p
fb><d:/texlive/2019/texmf-dist/fonts/type1/arphic/gbsnu/gbsnu6a.pfb><d:/texlive
/2019/texmf-dist/fonts/type1/arphic/gbsnu/gbsnu6b.pfb><d:/texlive/2019/texmf-di
st/fonts/type1/arphic/gbsnu/gbsnu6c.pfb><d:/texlive/2019/texmf-dist/fonts/type1
/arphic/gbsnu/gbsnu6d.pfb><d:/texlive/2019/texmf-dist/fonts/type1/arphic/gbsnu/
gbsnu6e.pfb><d:/texlive/2019/texmf-dist/fonts/type1/arphic/gbsnu/gbsnu6f.pfb><d
:/texlive/2019/texmf-dist/fonts/type1/arphic/gbsnu/gbsnu70.pfb><d:/texlive/2019
/texmf-dist/fonts/type1/arphic/gbsnu/gbsnu71.pfb><d:/texlive/2019/texmf-dist/fo
nts/type1/arphic/gbsnu/gbsnu72.pfb><d:/texlive/2019/texmf-dist/fonts/type1/arph
ic/gbsnu/gbsnu73.pfb><d:/texlive/2019/texmf-dist/fonts/type1/arphic/gbsnu/gbsnu
74.pfb><d:/texlive/2019/texmf-dist/fonts/type1/arphic/gbsnu/gbsnu75.pfb><d:/tex
live/2019/texmf-dist/fonts/type1/arphic/gbsnu/gbsnu76.pfb><d:/texlive/2019/texm
f-dist/fonts/type1/arphic/gbsnu/gbsnu77.pfb><d:/texlive/2019/texmf-dist/fonts/t
ype1/arphic/gbsnu/gbsnu78.pfb><d:/texlive/2019/texmf-dist/fonts/type1/arphic/gb
snu/gbsnu79.pfb><d:/texlive/2019/texmf-dist/fonts/type1/arphic/gbsnu/gbsnu7a.pf
b><d:/texlive/2019/texmf-dist/fonts/type1/arphic/gbsnu/gbsnu7b.pfb><d:/texlive/
2019/texmf-dist/fonts/type1/arphic/gbsnu/gbsnu7c.pfb><d:/texlive/2019/texmf-dis
t/fonts/type1/arphic/gbsnu/gbsnu7d.pfb><d:/texlive/2019/texmf-dist/fonts/type1/
arphic/gbsnu/gbsnu7e.pfb><d:/texlive/2019/texmf-dist/fonts/type1/arphic/gbsnu/g
bsnu7f.pfb><d:/texlive/2019/texmf-dist/fonts/type1/arphic/gbsnu/gbsnu80.pfb><d:
/texlive/2019/texmf-dist/fonts/type1/arphic/gbsnu/gbsnu81.pfb><d:/texlive/2019/
texmf-dist/fonts/type1/arphic/gbsnu/gbsnu82.pfb><d:/texlive/2019/texmf-dist/fon
ts/type1/arphic/gbsnu/gbsnu83.pfb><d:/texlive/2019/texmf-dist/fonts/type1/arphi
c/gbsnu/gbsnu86.pfb><d:/texlive/2019/texmf-dist/fonts/type1/arphic/gbsnu/gbsnu8
8.pfb><d:/texlive/2019/texmf-dist/fonts/type1/arphic/gbsnu/gbsnu89.pfb><d:/texl
ive/2019/texmf-dist/fonts/type1/arphic/gbsnu/gbsnu8a.pfb><d:/texlive/2019/texmf
-dist/fonts/type1/arphic/gbsnu/gbsnu8b.pfb><d:/texlive/2019/texmf-dist/fonts/ty
pe1/arphic/gbsnu/gbsnu8c.pfb><d:/texlive/2019/texmf-dist/fonts/type1/arphic/gbs
nu/gbsnu8d.pfb><d:/texlive/2019/texmf-dist/fonts/type1/arphic/gbsnu/gbsnu8e.pfb
><d:/texlive/2019/texmf-dist/fonts/type1/arphic/gbsnu/gbsnu8f.pfb><d:/texlive/2
019/texmf-dist/fonts/type1/arphic/gbsnu/gbsnu90.pfb><d:/texlive/2019/texmf-dist
/fonts/type1/arphic/gbsnu/gbsnu91.pfb><d:/texlive/2019/texmf-dist/fonts/type1/a
rphic/gbsnu/gbsnu94.pfb><d:/texlive/2019/texmf-dist/fonts/type1/arphic/gbsnu/gb
snu95.pfb><d:/texlive/2019/texmf-dist/fonts/type1/arphic/gbsnu/gbsnu96.pfb><d:/
texlive/2019/texmf-dist/fonts/type1/arphic/gbsnu/gbsnu97.pfb><d:/texlive/2019/t
exmf-dist/fonts/type1/arphic/gbsnu/gbsnu98.pfb><d:/texlive/2019/texmf-dist/font
s/type1/arphic/gbsnu/gbsnu99.pfb><d:/texlive/2019/texmf-dist/fonts/type1/arphic
/gbsnu/gbsnu9a.pfb><d:/texlive/2019/texmf-dist/fonts/type1/arphic/gbsnu/gbsnu9e
.pfb><d:/texlive/2019/texmf-dist/fonts/type1/arphic/gbsnu/gbsnuff.pfb><d:/texli
ve/2019/texmf-dist/fonts/type1/urw/times/utmb8a.pfb><d:/texlive/2019/texmf-dist
/fonts/type1/urw/times/utmr8a.pfb><d:/texlive/2019/texmf-dist/fonts/type1/urw/t
imes/utmri8a.pfb>
Output written on report.pdf (19 pages, 3025333 bytes).
PDF statistics:
 1180 PDF objects out of 1200 (max. 8388607)
 857 compressed objects within 9 object streams
 107 named destinations out of 1000 (max. 500000)
 574 words of extra memory for PDF output out of 10000 (max. 10000000)

