\BOOKMARK [1][-]{section.1}{\376\377\176\352\213\272}{}% 1
\BOOKMARK [2][-]{subsection.1.1}{\376\377\170\024\172\166\225\356\230\230\166\204\200\314\146\157}{section.1}% 2
\BOOKMARK [2][-]{subsection.1.2}{\376\377\170\024\172\166\225\356\230\230\166\204\143\021\142\030}{section.1}% 3
\BOOKMARK [2][-]{subsection.1.3}{\376\377\137\123\122\115\135\345\117\134\166\204\116\015\215\263\116\113\131\004}{section.1}% 4
\BOOKMARK [2][-]{subsection.1.4}{\376\377\147\054\145\207\215\041\163\056}{section.1}% 5
\BOOKMARK [2][-]{subsection.1.5}{\376\377\147\054\145\207\116\073\211\201\211\343\121\263\166\204\225\356\230\230\116\345\123\312\145\271\154\325}{section.1}% 6
\BOOKMARK [2][-]{subsection.1.6}{\376\377\145\160\143\156}{section.1}% 7
\BOOKMARK [1][-]{section.2}{\376\377\174\373\176\337}{}% 8
\BOOKMARK [2][-]{subsection.2.1}{\376\377\174\373\176\337\150\106\147\266}{section.2}% 9
\BOOKMARK [2][-]{subsection.2.2}{\376\377\152\041\127\127\122\006\147\220}{section.2}% 10
\BOOKMARK [2][-]{subsection.2.3}{\376\377\131\047\117\134\116\032}{section.2}% 11
\BOOKMARK [1][-]{section.3}{\376\377\142\200\147\057\122\006\147\220}{}% 12
\BOOKMARK [2][-]{subsection.3.1}{\376\377\136\166\210\114\145\271\150\110}{section.3}% 13
\BOOKMARK [2][-]{subsection.3.2}{\376\377\142\337\124\010\122\006\136\003}{section.3}% 14
\BOOKMARK [2][-]{subsection.3.3}{\376\377\137\002\136\070\136\246\213\241\173\227\152\041\127\213}{section.3}% 15
\BOOKMARK [2][-]{subsection.3.4}{\376\377\215\035\123\366\145\257\117\030\123\026}{section.3}% 16
\BOOKMARK [2][-]{subsection.3.5}{\376\377\122\006\174\173\145\271\150\110}{section.3}% 17
\BOOKMARK [1][-]{section.4}{\376\377\133\236\232\214}{}% 18
\BOOKMARK [2][-]{subsection.4.1}{\376\377\133\236\232\214\213\276\213\241}{section.4}% 19
\BOOKMARK [2][-]{subsection.4.2}{\376\377\133\371\153\324\133\236\232\214}{section.4}% 20
\BOOKMARK [2][-]{subsection.4.3}{\376\377\133\236\232\214\176\323\147\234}{section.4}% 21
\BOOKMARK [2][-]{subsection.4.4}{\376\377\133\236\232\214\123\327\123\302\145\160\166\204\137\161\124\315}{section.4}% 22
\BOOKMARK [1][-]{section.5}{\376\377\166\370\121\163\135\345\117\134}{}% 23
\BOOKMARK [1][-]{section.6}{\376\377\176\323\213\272}{}% 24
